[1205/053809.798:ERROR:os_crypt_win.cc(93)] Failed to decrypt: Key not valid for use in specified state. (0x8009000B)
[1205/053814.255:WARNING:value_store_frontend.cc(45)] Reading mhjfbmdgcfjbbpaeojofohoefgiehjai.alarms from  failed: IO error: .../MANIFEST-000001: Unable to create sequential file (ChromeMethodBFE: 7::NewSequentialFile::1)
[1205/053851.240:WARNING:used_ids.h(55)] Duplicate id found. Reassigning from 104 to 127
[1205/053851.240:WARNING:used_ids.h(55)] Duplicate id found. Reassigning from 102 to 125
[1205/053851.241:WARNING:used_ids.h(55)] Duplicate id found. Reassigning from 104 to 124
[1205/053851.241:WARNING:used_ids.h(55)] Duplicate id found. Reassigning from 106 to 123
[1205/053851.241:WARNING:used_ids.h(55)] Duplicate id found. Reassigning from 110 to 122
[1205/053851.241:WARNING:used_ids.h(55)] Duplicate id found. Reassigning from 103 to 121
[1205/053851.241:WARNING:used_ids.h(55)] Duplicate id found. Reassigning from 105 to 120
[1205/053851.241:WARNING:used_ids.h(55)] Duplicate id found. Reassigning from 111 to 119
[1205/053851.242:WARNING:used_ids.h(55)] Duplicate id found. Reassigning from 1 to 14
[1205/053851.242:WARNING:used_ids.h(55)] Duplicate id found. Reassigning from 3 to 13
[1205/053851.242:WARNING:used_ids.h(55)] Duplicate id found. Reassigning from 5 to 12
[1205/053851.242:WARNING:used_ids.h(55)] Duplicate id found. Reassigning from 6 to 11
[1205/053851.244:ERROR:audio_rtp_receiver.cc(88)] AudioRtpReceiver::OnSetVolume: No audio channel exists.
[1205/054010.105:ERROR:gpu_init.cc(426)] Passthrough is not supported, GL is disabled
[1205/054825.173:WARNING:used_ids.h(55)] Duplicate id found. Reassigning from 104 to 127
[1205/054825.174:WARNING:used_ids.h(55)] Duplicate id found. Reassigning from 102 to 125
[1205/054825.174:WARNING:used_ids.h(55)] Duplicate id found. Reassigning from 104 to 124
[1205/054825.174:WARNING:used_ids.h(55)] Duplicate id found. Reassigning from 106 to 123
[1205/054825.174:WARNING:used_ids.h(55)] Duplicate id found. Reassigning from 110 to 122
[1205/054825.174:WARNING:used_ids.h(55)] Duplicate id found. Reassigning from 103 to 121
[1205/054825.174:WARNING:used_ids.h(55)] Duplicate id found. Reassigning from 105 to 120
[1205/054825.174:WARNING:used_ids.h(55)] Duplicate id found. Reassigning from 111 to 119
[1205/054825.174:WARNING:used_ids.h(55)] Duplicate id found. Reassigning from 1 to 14
[1205/054825.174:WARNING:used_ids.h(55)] Duplicate id found. Reassigning from 3 to 13
[1205/054825.174:WARNING:used_ids.h(55)] Duplicate id found. Reassigning from 5 to 12
[1205/054825.174:WARNING:used_ids.h(55)] Duplicate id found. Reassigning from 6 to 11
[1205/054825.174:ERROR:audio_rtp_receiver.cc(88)] AudioRtpReceiver::OnSetVolume: No audio channel exists.
[1205/055045.798:WARNING:used_ids.h(55)] Duplicate id found. Reassigning from 104 to 127
[1205/055045.798:WARNING:used_ids.h(55)] Duplicate id found. Reassigning from 102 to 125
[1205/055045.798:WARNING:used_ids.h(55)] Duplicate id found. Reassigning from 104 to 124
[1205/055045.798:WARNING:used_ids.h(55)] Duplicate id found. Reassigning from 106 to 123
[1205/055045.798:WARNING:used_ids.h(55)] Duplicate id found. Reassigning from 110 to 122
[1205/055045.798:WARNING:used_ids.h(55)] Duplicate id found. Reassigning from 103 to 121
[1205/055045.798:WARNING:used_ids.h(55)] Duplicate id found. Reassigning from 105 to 120
[1205/055045.798:WARNING:used_ids.h(55)] Duplicate id found. Reassigning from 111 to 119
[1205/055045.798:WARNING:used_ids.h(55)] Duplicate id found. Reassigning from 1 to 14
[1205/055045.798:WARNING:used_ids.h(55)] Duplicate id found. Reassigning from 3 to 13
[1205/055045.798:WARNING:used_ids.h(55)] Duplicate id found. Reassigning from 5 to 12
[1205/055045.798:WARNING:used_ids.h(55)] Duplicate id found. Reassigning from 6 to 11
[1205/055045.799:ERROR:audio_rtp_receiver.cc(88)] AudioRtpReceiver::OnSetVolume: No audio channel exists.
[1205/062237.854:ERROR:entry_impl.cc(998)] Failed to save user data
[1205/062448.120:WARNING:gpu_process_host.cc(1296)] The GPU process has crashed 1 time(s)
