[+] Containers:
 |- [+] Container: /Game/FirstPerson/Maps/FirstPersonMap
 |   |- [+] ActorDescs:
 |   |   |- Guid:250999DB475105ACFE8BC789C562FC98 BaseClass: NativeClass:/Script/Engine.StaticMeshActor Name:StaticMeshActor_UAID_74D4DD4AFDCFE52002_1144079593 Label:Cube5 SpatiallyLoaded:1 Bounds:IsValid=true, Min=(X=1243.707 Y=1265.068 Z=14.238), Max=(X=1269.613 Y=2044.933 Z=325.762) RuntimeGrid:None EditorOnly:0 RuntimeOnly:0 HLODRelevant:1 ListedInSceneOutliner:1 IsMainWorldOnly:0
 |   |   |- Guid:28D79A7F40E86793949688A4802AA884 BaseClass: NativeClass:/Script/Engine.StaticMeshActor Name:StaticMeshActor_UAID_74D4DD4AFDCF482002_1534863963 Label:Cube2 SpatiallyLoaded:1 Bounds:IsValid=true, Min=(X=2.717 Y=1729.605 Z=-20.000), Max=(X=973.276 Y=1829.605 Z=80.000) RuntimeGrid:None EditorOnly:0 RuntimeOnly:0 HLODRelevant:1 ListedInSceneOutliner:1 IsMainWorldOnly:0
 |   |   |- Guid:4D2ADDD840716BAEDE10D79D91CA7270 BaseClass:/Game/FirstPerson/Inventory/Items/Item_03.Item_03_C NativeClass:/Script/Engine.Actor Name:Item_03_C_UAID_74D4DD4AFDCF272202_1818072266 Label:Item_03 SpatiallyLoaded:1 Bounds:IsValid=true, Min=(X=627.188 Y=1594.532 Z=-101.036), Max=(X=1027.188 Y=1994.532 Z=298.964) RuntimeGrid:None EditorOnly:0 RuntimeOnly:0 HLODRelevant:0 ListedInSceneOutliner:1 IsMainWorldOnly:0
 |   |   |- Guid:54A74DE94024C3B88D3B19B64CC7CE40 BaseClass: NativeClass:/Script/Engine.StaticMeshActor Name:StaticMeshActor_UAID_74D4DD4AFDCFE52002_1084020591 Label:Cube3 SpatiallyLoaded:1 Bounds:IsValid=true, Min=(X=-133.906 Y=1247.047 Z=14.238), Max=(X=513.906 Y=1272.953 Z=325.762) RuntimeGrid:None EditorOnly:0 RuntimeOnly:0 HLODRelevant:1 ListedInSceneOutliner:1 IsMainWorldOnly:0
 |   |   |- Guid:5C00800743AD070231B9539631E01A5F BaseClass:/Game/Props/Door/BP_Door.BP_Door_C NativeClass:/Script/Engine.Actor Name:BP_Door_C_UAID_74D4DD4AFDCF4A2002_1260102316 Label:BP_Door SpatiallyLoaded:1 Bounds:IsValid=true, Min=(X=514.888 Y=1260.119 Z=12.616), Max=(X=655.717 Y=1263.303 Z=273.648) RuntimeGrid:None EditorOnly:0 RuntimeOnly:0 HLODRelevant:0 ListedInSceneOutliner:1 IsMainWorldOnly:0
 |   |   |- Guid:5FE7584649BB6F09265329A6C57CFD0D BaseClass: NativeClass:/Script/Engine.VolumetricCloud Name:VolumetricCloud_0 Label:VolumetricCloud SpatiallyLoaded:0 Bounds:IsValid=true, Min=(X=0.000 Y=0.000 Z=820.000), Max=(X=0.000 Y=0.000 Z=820.000) RuntimeGrid:None EditorOnly:0 RuntimeOnly:0 HLODRelevant:0 ListedInSceneOutliner:1 IsMainWorldOnly:0 FolderPath:Lighting FolderGuid:0BA5F0A04EADB18E70D5B180D08FA34B
 |   |   |- Guid:61391D344900612A77DFC3BA3E354907 BaseClass: NativeClass:/Script/Engine.ExponentialHeightFog Name:ExponentialHeightFog_0 Label:ExponentialHeightFog SpatiallyLoaded:0 Bounds:IsValid=true, Min=(X=-5600.000 Y=-50.000 Z=-6850.000), Max=(X=-5600.000 Y=-50.000 Z=-6850.000) RuntimeGrid:None EditorOnly:0 RuntimeOnly:0 HLODRelevant:0 ListedInSceneOutliner:1 IsMainWorldOnly:0 FolderPath:Lighting FolderGuid:0BA5F0A04EADB18E70D5B180D08FA34B
 |   |   |- Guid:6FEFB3BD4EB37B849EF0D4AC80F83855 BaseClass: NativeClass:/Script/Engine.WorldDataLayers Name:WorldDataLayers Label:WorldDataLayers SpatiallyLoaded:0 Bounds:Invalid RuntimeGrid:None EditorOnly:0 RuntimeOnly:0 HLODRelevant:0 ListedInSceneOutliner:1 IsMainWorldOnly:1
 |   |   |- Guid:846443AB43FA2F40FF09FB837027C8E1 BaseClass: NativeClass:/Script/Engine.StaticMeshActor Name:StaticMeshActor_UAID_74D4DD4AFDCFE52002_1106235592 Label:Cube4 SpatiallyLoaded:1 Bounds:IsValid=true, Min=(X=653.636 Y=1247.047 Z=14.238), Max=(X=1244.080 Y=1272.953 Z=325.762) RuntimeGrid:None EditorOnly:0 RuntimeOnly:0 HLODRelevant:1 ListedInSceneOutliner:1 IsMainWorldOnly:0
 |   |   |- Guid:857E900649BD0D2538A2768F7058A5A0 BaseClass:/Game/FirstPerson/Inventory/Items/Item_02.Item_02_C NativeClass:/Script/Engine.Actor Name:Item_02_C_UAID_74D4DD4AFDCF272202_1699134265 Label:Item_02 SpatiallyLoaded:1 Bounds:IsValid=true, Min=(X=290.509 Y=1595.177 Z=-119.654), Max=(X=690.509 Y=1995.177 Z=280.346) RuntimeGrid:None EditorOnly:0 RuntimeOnly:0 HLODRelevant:0 ListedInSceneOutliner:1 IsMainWorldOnly:0
 |   |   |- Guid:A354B1B24E617A525DC6B48CCDE2417E BaseClass: NativeClass:/Script/Engine.PlayerStart Name:PlayerStart_0 Label:PlayerStart SpatiallyLoaded:0 Bounds:IsValid=true, Min=(X=860.000 Y=810.000 Z=0.013), Max=(X=940.000 Y=890.000 Z=184.013) RuntimeGrid:None EditorOnly:0 RuntimeOnly:0 HLODRelevant:0 ListedInSceneOutliner:1 IsMainWorldOnly:0
 |   |   |- Guid:C0C56B9644AE3D40CAFF6A878DB29844 BaseClass: NativeClass:/Script/Engine.StaticMeshActor Name:StaticMeshActor_UAID_A4AE111137DC5EFB00_2001720423 Label:SM_SkySphere SpatiallyLoaded:0 Bounds:IsValid=true, Min=(X=-1638400.000 Y=-1638400.000 Z=-1638400.000), Max=(X=1638400.000 Y=1638400.000 Z=1638400.000) RuntimeGrid:None EditorOnly:0 RuntimeOnly:0 HLODRelevant:1 ListedInSceneOutliner:1 IsMainWorldOnly:0 FolderPath:Lighting FolderGuid:0BA5F0A04EADB18E70D5B180D08FA34B
 |   |   |- Guid:C22CE07C4B87D685137FDBBC10FC92C6 BaseClass: NativeClass:/Script/Engine.SkyAtmosphere Name:SkyAtmosphere_0 Label:SkyAtmosphere SpatiallyLoaded:0 Bounds:IsValid=true, Min=(X=0.000 Y=0.000 Z=1020.000), Max=(X=0.000 Y=0.000 Z=1020.000) RuntimeGrid:None EditorOnly:0 RuntimeOnly:0 HLODRelevant:0 ListedInSceneOutliner:1 IsMainWorldOnly:0 FolderPath:Lighting FolderGuid:0BA5F0A04EADB18E70D5B180D08FA34B
 |   |   |- Guid:CE8D82634660FCDB3120E2B8D547C533 BaseClass: NativeClass:/Script/Engine.PostProcessVolume Name:PostProcessVolume_0 Label:PostProcessVolume SpatiallyLoaded:0 Bounds:IsValid=true, Min=(X=0.000 Y=0.000 Z=400.000), Max=(X=200.000 Y=200.000 Z=600.000) RuntimeGrid:None EditorOnly:0 RuntimeOnly:0 HLODRelevant:0 ListedInSceneOutliner:1 IsMainWorldOnly:0 FolderPath:Lighting FolderGuid:0BA5F0A04EADB18E70D5B180D08FA34B
 |   |   |- Guid:D76B36054B2CDBCAA52C47B027EA6E82 BaseClass: NativeClass:/Script/Engine.StaticMeshActor Name:StaticMeshActor_UAID_74D4DD4AFDCF452002_2096572431 Label:Cube SpatiallyLoaded:1 Bounds:IsValid=true, Min=(X=-136.216 Y=-188.202 Z=-12.500), Max=(X=1976.216 Y=2068.202 Z=12.500) RuntimeGrid:None EditorOnly:0 RuntimeOnly:0 HLODRelevant:1 ListedInSceneOutliner:1 IsMainWorldOnly:0
 |   |   |- Guid:D85D5B4348E0F41A53E11589F36ED86E BaseClass: NativeClass:/Script/Engine.StaticMeshActor Name:StaticMeshActor_UAID_74D4DD4AFDCF022202_1829856752 Label:StaticMeshActor SpatiallyLoaded:1 Bounds:IsValid=true, Min=(X=289.211 Y=2250.194 Z=497.727), Max=(X=289.211 Y=2250.194 Z=497.727) RuntimeGrid:None EditorOnly:0 RuntimeOnly:0 HLODRelevant:0 ListedInSceneOutliner:1 IsMainWorldOnly:0
 |   |   |- Guid:E5320C1B4FD9764CE7B54D8487AEC613 BaseClass: NativeClass:/Script/Engine.SkyLight Name:SkyLight_0 Label:SkyLight SpatiallyLoaded:0 Bounds:IsValid=true, Min=(X=0.000 Y=0.000 Z=690.000), Max=(X=0.000 Y=0.000 Z=690.000) RuntimeGrid:None EditorOnly:0 RuntimeOnly:0 HLODRelevant:0 ListedInSceneOutliner:1 IsMainWorldOnly:0 FolderPath:Lighting FolderGuid:0BA5F0A04EADB18E70D5B180D08FA34B
 |   |   |- Guid:E8D57F2440571D07628F9BA59A62934F BaseClass:/Game/FirstPerson/Inventory/Items/Item_01.Item_01_C NativeClass:/Script/Engine.Actor Name:Item_01_C_UAID_74D4DD4AFDCF252202_2069060912 Label:Item_01 SpatiallyLoaded:1 Bounds:IsValid=true, Min=(X=-118.000 Y=1595.593 Z=-95.069), Max=(X=282.000 Y=1995.593 Z=304.931) RuntimeGrid:None EditorOnly:0 RuntimeOnly:0 HLODRelevant:0 ListedInSceneOutliner:1 IsMainWorldOnly:0
 |   |   |- Guid:F80621C9446867154938FE81375207DA BaseClass: NativeClass:/Script/Engine.DirectionalLight Name:DirectionalLight_1 Label:DirectionalLight SpatiallyLoaded:0 Bounds:IsValid=true, Min=(X=-4398046511104.000 Y=-4398046511104.000 Z=-4398046511104.000), Max=(X=4398046511104.000 Y=4398046511104.000 Z=4398046511104.000) RuntimeGrid:None EditorOnly:0 RuntimeOnly:0 HLODRelevant:0 ListedInSceneOutliner:1 IsMainWorldOnly:0 FolderPath:Lighting FolderGuid:0BA5F0A04EADB18E70D5B180D08FA34B
 |   |- [+] Clusters:
 |   |   |- [+] [  0]
 |   |   |   |- Guid:250999DB475105ACFE8BC789C562FC98 BaseClass: NativeClass:/Script/Engine.StaticMeshActor Name:StaticMeshActor_UAID_74D4DD4AFDCFE52002_1144079593 Label:Cube5 SpatiallyLoaded:1 Bounds:IsValid=true, Min=(X=1243.707 Y=1265.068 Z=14.238), Max=(X=1269.613 Y=2044.933 Z=325.762) RuntimeGrid:None EditorOnly:0 RuntimeOnly:0 HLODRelevant:1 ListedInSceneOutliner:1 IsMainWorldOnly:0
 |   |   |- [+] [  1]
 |   |   |   |- Guid:28D79A7F40E86793949688A4802AA884 BaseClass: NativeClass:/Script/Engine.StaticMeshActor Name:StaticMeshActor_UAID_74D4DD4AFDCF482002_1534863963 Label:Cube2 SpatiallyLoaded:1 Bounds:IsValid=true, Min=(X=2.717 Y=1729.605 Z=-20.000), Max=(X=973.276 Y=1829.605 Z=80.000) RuntimeGrid:None EditorOnly:0 RuntimeOnly:0 HLODRelevant:1 ListedInSceneOutliner:1 IsMainWorldOnly:0
 |   |   |- [+] [  2]
 |   |   |   |- Guid:4D2ADDD840716BAEDE10D79D91CA7270 BaseClass:/Game/FirstPerson/Inventory/Items/Item_03.Item_03_C NativeClass:/Script/Engine.Actor Name:Item_03_C_UAID_74D4DD4AFDCF272202_1818072266 Label:Item_03 SpatiallyLoaded:1 Bounds:IsValid=true, Min=(X=627.188 Y=1594.532 Z=-101.036), Max=(X=1027.188 Y=1994.532 Z=298.964) RuntimeGrid:None EditorOnly:0 RuntimeOnly:0 HLODRelevant:0 ListedInSceneOutliner:1 IsMainWorldOnly:0
 |   |   |- [+] [  3]
 |   |   |   |- Guid:54A74DE94024C3B88D3B19B64CC7CE40 BaseClass: NativeClass:/Script/Engine.StaticMeshActor Name:StaticMeshActor_UAID_74D4DD4AFDCFE52002_1084020591 Label:Cube3 SpatiallyLoaded:1 Bounds:IsValid=true, Min=(X=-133.906 Y=1247.047 Z=14.238), Max=(X=513.906 Y=1272.953 Z=325.762) RuntimeGrid:None EditorOnly:0 RuntimeOnly:0 HLODRelevant:1 ListedInSceneOutliner:1 IsMainWorldOnly:0
 |   |   |- [+] [  4]
 |   |   |   |- Guid:5C00800743AD070231B9539631E01A5F BaseClass:/Game/Props/Door/BP_Door.BP_Door_C NativeClass:/Script/Engine.Actor Name:BP_Door_C_UAID_74D4DD4AFDCF4A2002_1260102316 Label:BP_Door SpatiallyLoaded:1 Bounds:IsValid=true, Min=(X=514.888 Y=1260.119 Z=12.616), Max=(X=655.717 Y=1263.303 Z=273.648) RuntimeGrid:None EditorOnly:0 RuntimeOnly:0 HLODRelevant:0 ListedInSceneOutliner:1 IsMainWorldOnly:0
 |   |   |- [+] [  5]
 |   |   |   |- Guid:5FE7584649BB6F09265329A6C57CFD0D BaseClass: NativeClass:/Script/Engine.VolumetricCloud Name:VolumetricCloud_0 Label:VolumetricCloud SpatiallyLoaded:0 Bounds:IsValid=true, Min=(X=0.000 Y=0.000 Z=820.000), Max=(X=0.000 Y=0.000 Z=820.000) RuntimeGrid:None EditorOnly:0 RuntimeOnly:0 HLODRelevant:0 ListedInSceneOutliner:1 IsMainWorldOnly:0 FolderPath:Lighting FolderGuid:0BA5F0A04EADB18E70D5B180D08FA34B
 |   |   |- [+] [  6]
 |   |   |   |- Guid:61391D344900612A77DFC3BA3E354907 BaseClass: NativeClass:/Script/Engine.ExponentialHeightFog Name:ExponentialHeightFog_0 Label:ExponentialHeightFog SpatiallyLoaded:0 Bounds:IsValid=true, Min=(X=-5600.000 Y=-50.000 Z=-6850.000), Max=(X=-5600.000 Y=-50.000 Z=-6850.000) RuntimeGrid:None EditorOnly:0 RuntimeOnly:0 HLODRelevant:0 ListedInSceneOutliner:1 IsMainWorldOnly:0 FolderPath:Lighting FolderGuid:0BA5F0A04EADB18E70D5B180D08FA34B
 |   |   |- [+] [  7]
 |   |   |   |- Guid:6FEFB3BD4EB37B849EF0D4AC80F83855 BaseClass: NativeClass:/Script/Engine.WorldDataLayers Name:WorldDataLayers Label:WorldDataLayers SpatiallyLoaded:0 Bounds:Invalid RuntimeGrid:None EditorOnly:0 RuntimeOnly:0 HLODRelevant:0 ListedInSceneOutliner:1 IsMainWorldOnly:1
 |   |   |- [+] [  8]
 |   |   |   |- Guid:846443AB43FA2F40FF09FB837027C8E1 BaseClass: NativeClass:/Script/Engine.StaticMeshActor Name:StaticMeshActor_UAID_74D4DD4AFDCFE52002_1106235592 Label:Cube4 SpatiallyLoaded:1 Bounds:IsValid=true, Min=(X=653.636 Y=1247.047 Z=14.238), Max=(X=1244.080 Y=1272.953 Z=325.762) RuntimeGrid:None EditorOnly:0 RuntimeOnly:0 HLODRelevant:1 ListedInSceneOutliner:1 IsMainWorldOnly:0
 |   |   |- [+] [  9]
 |   |   |   |- Guid:857E900649BD0D2538A2768F7058A5A0 BaseClass:/Game/FirstPerson/Inventory/Items/Item_02.Item_02_C NativeClass:/Script/Engine.Actor Name:Item_02_C_UAID_74D4DD4AFDCF272202_1699134265 Label:Item_02 SpatiallyLoaded:1 Bounds:IsValid=true, Min=(X=290.509 Y=1595.177 Z=-119.654), Max=(X=690.509 Y=1995.177 Z=280.346) RuntimeGrid:None EditorOnly:0 RuntimeOnly:0 HLODRelevant:0 ListedInSceneOutliner:1 IsMainWorldOnly:0
 |   |   |- [+] [ 10]
 |   |   |   |- Guid:A354B1B24E617A525DC6B48CCDE2417E BaseClass: NativeClass:/Script/Engine.PlayerStart Name:PlayerStart_0 Label:PlayerStart SpatiallyLoaded:0 Bounds:IsValid=true, Min=(X=860.000 Y=810.000 Z=0.013), Max=(X=940.000 Y=890.000 Z=184.013) RuntimeGrid:None EditorOnly:0 RuntimeOnly:0 HLODRelevant:0 ListedInSceneOutliner:1 IsMainWorldOnly:0
 |   |   |- [+] [ 11]
 |   |   |   |- Guid:C0C56B9644AE3D40CAFF6A878DB29844 BaseClass: NativeClass:/Script/Engine.StaticMeshActor Name:StaticMeshActor_UAID_A4AE111137DC5EFB00_2001720423 Label:SM_SkySphere SpatiallyLoaded:0 Bounds:IsValid=true, Min=(X=-1638400.000 Y=-1638400.000 Z=-1638400.000), Max=(X=1638400.000 Y=1638400.000 Z=1638400.000) RuntimeGrid:None EditorOnly:0 RuntimeOnly:0 HLODRelevant:1 ListedInSceneOutliner:1 IsMainWorldOnly:0 FolderPath:Lighting FolderGuid:0BA5F0A04EADB18E70D5B180D08FA34B
 |   |   |- [+] [ 12]
 |   |   |   |- Guid:C22CE07C4B87D685137FDBBC10FC92C6 BaseClass: NativeClass:/Script/Engine.SkyAtmosphere Name:SkyAtmosphere_0 Label:SkyAtmosphere SpatiallyLoaded:0 Bounds:IsValid=true, Min=(X=0.000 Y=0.000 Z=1020.000), Max=(X=0.000 Y=0.000 Z=1020.000) RuntimeGrid:None EditorOnly:0 RuntimeOnly:0 HLODRelevant:0 ListedInSceneOutliner:1 IsMainWorldOnly:0 FolderPath:Lighting FolderGuid:0BA5F0A04EADB18E70D5B180D08FA34B
 |   |   |- [+] [ 13]
 |   |   |   |- Guid:CE8D82634660FCDB3120E2B8D547C533 BaseClass: NativeClass:/Script/Engine.PostProcessVolume Name:PostProcessVolume_0 Label:PostProcessVolume SpatiallyLoaded:0 Bounds:IsValid=true, Min=(X=0.000 Y=0.000 Z=400.000), Max=(X=200.000 Y=200.000 Z=600.000) RuntimeGrid:None EditorOnly:0 RuntimeOnly:0 HLODRelevant:0 ListedInSceneOutliner:1 IsMainWorldOnly:0 FolderPath:Lighting FolderGuid:0BA5F0A04EADB18E70D5B180D08FA34B
 |   |   |- [+] [ 14]
 |   |   |   |- Guid:D76B36054B2CDBCAA52C47B027EA6E82 BaseClass: NativeClass:/Script/Engine.StaticMeshActor Name:StaticMeshActor_UAID_74D4DD4AFDCF452002_2096572431 Label:Cube SpatiallyLoaded:1 Bounds:IsValid=true, Min=(X=-136.216 Y=-188.202 Z=-12.500), Max=(X=1976.216 Y=2068.202 Z=12.500) RuntimeGrid:None EditorOnly:0 RuntimeOnly:0 HLODRelevant:1 ListedInSceneOutliner:1 IsMainWorldOnly:0
 |   |   |- [+] [ 15]
 |   |   |   |- Guid:D85D5B4348E0F41A53E11589F36ED86E BaseClass: NativeClass:/Script/Engine.StaticMeshActor Name:StaticMeshActor_UAID_74D4DD4AFDCF022202_1829856752 Label:StaticMeshActor SpatiallyLoaded:1 Bounds:IsValid=true, Min=(X=289.211 Y=2250.194 Z=497.727), Max=(X=289.211 Y=2250.194 Z=497.727) RuntimeGrid:None EditorOnly:0 RuntimeOnly:0 HLODRelevant:0 ListedInSceneOutliner:1 IsMainWorldOnly:0
 |   |   |- [+] [ 16]
 |   |   |   |- Guid:E5320C1B4FD9764CE7B54D8487AEC613 BaseClass: NativeClass:/Script/Engine.SkyLight Name:SkyLight_0 Label:SkyLight SpatiallyLoaded:0 Bounds:IsValid=true, Min=(X=0.000 Y=0.000 Z=690.000), Max=(X=0.000 Y=0.000 Z=690.000) RuntimeGrid:None EditorOnly:0 RuntimeOnly:0 HLODRelevant:0 ListedInSceneOutliner:1 IsMainWorldOnly:0 FolderPath:Lighting FolderGuid:0BA5F0A04EADB18E70D5B180D08FA34B
 |   |   |- [+] [ 17]
 |   |   |   |- Guid:E8D57F2440571D07628F9BA59A62934F BaseClass:/Game/FirstPerson/Inventory/Items/Item_01.Item_01_C NativeClass:/Script/Engine.Actor Name:Item_01_C_UAID_74D4DD4AFDCF252202_2069060912 Label:Item_01 SpatiallyLoaded:1 Bounds:IsValid=true, Min=(X=-118.000 Y=1595.593 Z=-95.069), Max=(X=282.000 Y=1995.593 Z=304.931) RuntimeGrid:None EditorOnly:0 RuntimeOnly:0 HLODRelevant:0 ListedInSceneOutliner:1 IsMainWorldOnly:0
 |   |   |- [+] [ 18]
 |   |   |   |- Guid:F80621C9446867154938FE81375207DA BaseClass: NativeClass:/Script/Engine.DirectionalLight Name:DirectionalLight_1 Label:DirectionalLight SpatiallyLoaded:0 Bounds:IsValid=true, Min=(X=-4398046511104.000 Y=-4398046511104.000 Z=-4398046511104.000), Max=(X=4398046511104.000 Y=4398046511104.000 Z=4398046511104.000) RuntimeGrid:None EditorOnly:0 RuntimeOnly:0 HLODRelevant:0 ListedInSceneOutliner:1 IsMainWorldOnly:0 FolderPath:Lighting FolderGuid:0BA5F0A04EADB18E70D5B180D08FA34B
 |- ContainerInstances:
 |- [+] MainContainer:
 |   |-        ID: 00000000000000000000000000000000
 |   |-  ParentID: 00000000000000000000000000000000
 |   |-    Bounds: IsValid=false, Min=(X=0.000 Y=0.000 Z=0.000), Max=(X=0.000 Y=0.000 Z=0.000)
 |   |- Transform: 0.000000,0.000000,0.000000|0.000000,0.000000,-0.000000|1.000000,1.000000,1.000000
 |   |- Container: /Game/FirstPerson/Maps/FirstPersonMap
----------------------------------------------------------------------------------------------------------------
FirstPersonMap - Persistent Level
----------------------------------------------------------------------------------------------------------------
[+] Content of FirstPersonMap Persistent Level
 |- Always loaded Actor Count: 19 
 |- Actor Path: /Game/FirstPerson/Maps/FirstPersonMap.FirstPersonMap:PersistentLevel.BP_Door_C_UAID_74D4DD4AFDCF4A2002_1260102316
 |- Actor Package: /Game/__ExternalActors__/FirstPerson/Maps/FirstPersonMap/6/2B/6V7AC1D9Q0N4T6S4SUU19R
 |- Actor Path: /Game/FirstPerson/Maps/FirstPersonMap.FirstPersonMap:PersistentLevel.DirectionalLight_1
 |- Actor Package: /Game/__ExternalActors__/FirstPerson/Maps/FirstPersonMap/0/WB/V4ALNTJYOVWM8BU452CKV5
 |- Actor Path: /Game/FirstPerson/Maps/FirstPersonMap.FirstPersonMap:PersistentLevel.ExponentialHeightFog_0
 |- Actor Package: /Game/__ExternalActors__/FirstPerson/Maps/FirstPersonMap/0/CL/381LM03PFI8AF9NED1SEV2
 |- Actor Path: /Game/FirstPerson/Maps/FirstPersonMap.FirstPersonMap:PersistentLevel.Item_01_C_UAID_74D4DD4AFDCF252202_2069060912
 |- Actor Package: /Game/__ExternalActors__/FirstPerson/Maps/FirstPersonMap/3/OR/B4AKTLX67NX254Z239MG0U
 |- Actor Path: /Game/FirstPerson/Maps/FirstPersonMap.FirstPersonMap:PersistentLevel.Item_02_C_UAID_74D4DD4AFDCF272202_1699134265
 |- Actor Package: /Game/__ExternalActors__/FirstPerson/Maps/FirstPersonMap/6/92/9XA0BY9A27L4I55KNDTZ5Q
 |- Actor Path: /Game/FirstPerson/Maps/FirstPersonMap.FirstPersonMap:PersistentLevel.Item_03_C_UAID_74D4DD4AFDCF272202_1818072266
 |- Actor Package: /Game/__ExternalActors__/FirstPerson/Maps/FirstPersonMap/B/OQ/0TN1YNM0IYYG3FCJN3NJJP
 |- Actor Path: /Game/FirstPerson/Maps/FirstPersonMap.FirstPersonMap:PersistentLevel.PlayerStart_0
 |- Actor Package: /Game/__ExternalActors__/FirstPerson/Maps/FirstPersonMap/8/Z7/W1SXRCM1KAKBJOIZDLHZ47
 |- Actor Path: /Game/FirstPerson/Maps/FirstPersonMap.FirstPersonMap:PersistentLevel.PostProcessVolume_0
 |- Actor Package: /Game/__ExternalActors__/FirstPerson/Maps/FirstPersonMap/E/MX/R1GV431P5FDO08OFULRA01
 |- Actor Path: /Game/FirstPerson/Maps/FirstPersonMap.FirstPersonMap:PersistentLevel.SkyAtmosphere_0
 |- Actor Package: /Game/__ExternalActors__/FirstPerson/Maps/FirstPersonMap/C/VO/VMN4G7K3NKKV6F8HTPHHDB
 |- Actor Path: /Game/FirstPerson/Maps/FirstPersonMap.FirstPersonMap:PersistentLevel.SkyLight_0
 |- Actor Package: /Game/__ExternalActors__/FirstPerson/Maps/FirstPersonMap/6/0Z/5RQIHCZ9W3UXRGL4LTLQAK
 |- Actor Path: /Game/FirstPerson/Maps/FirstPersonMap.FirstPersonMap:PersistentLevel.StaticMeshActor_UAID_74D4DD4AFDCF022202_1829856752
 |- Actor Package: /Game/__ExternalActors__/FirstPerson/Maps/FirstPersonMap/7/WF/PGVOLHRVA03J62SO0WJ0UW
 |- Actor Path: /Game/FirstPerson/Maps/FirstPersonMap.FirstPersonMap:PersistentLevel.StaticMeshActor_UAID_74D4DD4AFDCF452002_2096572431
 |- Actor Package: /Game/__ExternalActors__/FirstPerson/Maps/FirstPersonMap/B/QR/7AESA7D3CROS1KULDLEBTD
 |- Actor Path: /Game/FirstPerson/Maps/FirstPersonMap.FirstPersonMap:PersistentLevel.StaticMeshActor_UAID_74D4DD4AFDCF482002_1534863963
 |- Actor Package: /Game/__ExternalActors__/FirstPerson/Maps/FirstPersonMap/D/XA/71UYQSBPN2CBZRFRP09ENH
 |- Actor Path: /Game/FirstPerson/Maps/FirstPersonMap.FirstPersonMap:PersistentLevel.StaticMeshActor_UAID_74D4DD4AFDCFE52002_1084020591
 |- Actor Package: /Game/__ExternalActors__/FirstPerson/Maps/FirstPersonMap/D/3E/DNNB4LLCJZ16XS7VD4NA9T
 |- Actor Path: /Game/FirstPerson/Maps/FirstPersonMap.FirstPersonMap:PersistentLevel.StaticMeshActor_UAID_74D4DD4AFDCFE52002_1106235592
 |- Actor Package: /Game/__ExternalActors__/FirstPerson/Maps/FirstPersonMap/2/XU/5GOG6T320L4OSJKHV1VDJG
 |- Actor Path: /Game/FirstPerson/Maps/FirstPersonMap.FirstPersonMap:PersistentLevel.StaticMeshActor_UAID_74D4DD4AFDCFE52002_1144079593
 |- Actor Package: /Game/__ExternalActors__/FirstPerson/Maps/FirstPersonMap/B/W4/UK939CGC8TWMMT499RWIPP
 |- Actor Path: /Game/FirstPerson/Maps/FirstPersonMap.FirstPersonMap:PersistentLevel.StaticMeshActor_UAID_A4AE111137DC5EFB00_2001720423
 |- Actor Package: /Game/__ExternalActors__/FirstPerson/Maps/FirstPersonMap/C/ZU/PDQ0AB8RLNMVID876FD49G
 |- Actor Path: /Game/FirstPerson/Maps/FirstPersonMap.FirstPersonMap:PersistentLevel.VolumetricCloud_0
 |- Actor Package: /Game/__ExternalActors__/FirstPerson/Maps/FirstPersonMap/0/GO/I8WEFD3RY9V3NVQLSU6QM4
 |- Actor Path: /Game/FirstPerson/Maps/FirstPersonMap.FirstPersonMap:PersistentLevel.WorldDataLayers
 |- Actor Package: /Game/__ExternalActors__/FirstPerson/Maps/FirstPersonMap/D/0W/E1FKEGVKGOLM7HGLQPCIPO

----------------------------------------------------------------------------------------------------------------
FirstPersonMap - Runtime Spatial Hash
----------------------------------------------------------------------------------------------------------------
[+] StreamingGrids
 |- [+] MainGrid
 |   |-             Origin: X=0.000 Y=0.000 Z=0.000
 |   |-          Cell Size: 12800
 |   |-       World Bounds: IsValid=false, Min=(X=0.000 Y=0.000 Z=0.000), Max=(X=0.000 Y=0.000 Z=0.000)
 |   |-      Loading Range: 25600.00
 |   |- Block Slow Loading: No
 |   |-  ClientOnlyVisible: No
 |   |- 
 |   |- [+] Grid Levels: 1
 |   |   |- Level  0: Cell Count    0 | Cell Size   12800 | Actor Count    0 (0.0%)
 |   |- 
 |   |- [+] Content of Grid Level 0
 |   |- 
